{"D:\\Rafael\\Interview\\Eigen Tri - Bandung\\Eigen_technical_test\\server\\app.js": {"path":"D:\\Rafael\\Interview\\Eigen Tri - Bandung\\Eigen_technical_test\\server\\app.js","statementMap":{"0":{"start":{"line":1,"column":16},"end":{"line":1,"column":34}},"1":{"start":{"line":2,"column":15},"end":{"line":2,"column":34}},"2":{"start":{"line":3,"column":12},"end":{"line":3,"column":21}},"3":{"start":{"line":4,"column":13},"end":{"line":4,"column":17}},"4":{"start":{"line":5,"column":21},"end":{"line":5,"column":45}},"5":{"start":{"line":6,"column":18},"end":{"line":6,"column":47}},"6":{"start":{"line":8,"column":0},"end":{"line":8,"column":44}},"7":{"start":{"line":9,"column":0},"end":{"line":9,"column":23}},"8":{"start":{"line":10,"column":0},"end":{"line":10,"column":15}},"9":{"start":{"line":12,"column":23},"end":{"line":26,"column":1}},"10":{"start":{"line":27,"column":20},"end":{"line":27,"column":48}},"11":{"start":{"line":28,"column":0},"end":{"line":28,"column":68}},"12":{"start":{"line":36,"column":0},"end":{"line":36,"column":20}}},"fnMap":{},"branchMap":{},"s":{"0":4,"1":4,"2":4,"3":4,"4":4,"5":4,"6":4,"7":4,"8":4,"9":4,"10":4,"11":4,"12":4},"f":{},"b":{},"_coverageSchema":"1a1c01bbd47fc00a2c39e90264f33305004495a9","hash":"bba7ac9cda80061a9abd8fc044d74141d7ff2857"}
,"D:\\Rafael\\Interview\\Eigen Tri - Bandung\\Eigen_technical_test\\server\\controllers\\controller.js": {"path":"D:\\Rafael\\Interview\\Eigen Tri - Bandung\\Eigen_technical_test\\server\\controllers\\controller.js","statementMap":{"0":{"start":{"line":1,"column":30},"end":{"line":1,"column":50}},"1":{"start":{"line":2,"column":37},"end":{"line":2,"column":63}},"2":{"start":{"line":5,"column":8},"end":{"line":71,"column":9}},"3":{"start":{"line":6,"column":45},"end":{"line":6,"column":53}},"4":{"start":{"line":7,"column":12},"end":{"line":9,"column":13}},"5":{"start":{"line":8,"column":16},"end":{"line":8,"column":43}},"6":{"start":{"line":12,"column":32},"end":{"line":12,"column":85}},"7":{"start":{"line":13,"column":12},"end":{"line":15,"column":13}},"8":{"start":{"line":14,"column":16},"end":{"line":14,"column":50}},"9":{"start":{"line":18,"column":12},"end":{"line":18,"column":61}},"10":{"start":{"line":20,"column":12},"end":{"line":31,"column":13}},"11":{"start":{"line":21,"column":16},"end":{"line":21,"column":51}},"12":{"start":{"line":23,"column":16},"end":{"line":30,"column":17}},"13":{"start":{"line":35,"column":30},"end":{"line":35,"column":79}},"14":{"start":{"line":36,"column":12},"end":{"line":38,"column":13}},"15":{"start":{"line":37,"column":16},"end":{"line":37,"column":48}},"16":{"start":{"line":41,"column":12},"end":{"line":43,"column":13}},"17":{"start":{"line":42,"column":16},"end":{"line":42,"column":50}},"18":{"start":{"line":46,"column":38},"end":{"line":48,"column":14}},"19":{"start":{"line":49,"column":12},"end":{"line":51,"column":13}},"20":{"start":{"line":50,"column":16},"end":{"line":50,"column":54}},"21":{"start":{"line":53,"column":27},"end":{"line":56,"column":14}},"22":{"start":{"line":59,"column":12},"end":{"line":66,"column":13}},"23":{"start":{"line":68,"column":12},"end":{"line":68,"column":50}},"24":{"start":{"line":70,"column":12},"end":{"line":70,"column":23}},"25":{"start":{"line":75,"column":8},"end":{"line":139,"column":9}},"26":{"start":{"line":76,"column":45},"end":{"line":76,"column":53}},"27":{"start":{"line":77,"column":12},"end":{"line":79,"column":13}},"28":{"start":{"line":78,"column":16},"end":{"line":78,"column":43}},"29":{"start":{"line":80,"column":33},"end":{"line":85,"column":14}},"30":{"start":{"line":88,"column":12},"end":{"line":90,"column":13}},"31":{"start":{"line":89,"column":16},"end":{"line":89,"column":53}},"32":{"start":{"line":93,"column":29},"end":{"line":93,"column":90}},"33":{"start":{"line":94,"column":25},"end":{"line":94,"column":30}},"34":{"start":{"line":95,"column":12},"end":{"line":108,"column":13}},"35":{"start":{"line":96,"column":16},"end":{"line":96,"column":29}},"36":{"start":{"line":97,"column":30},"end":{"line":97,"column":40}},"37":{"start":{"line":98,"column":33},"end":{"line":98,"column":48}},"38":{"start":{"line":99,"column":16},"end":{"line":99,"column":53}},"39":{"start":{"line":100,"column":16},"end":{"line":107,"column":17}},"40":{"start":{"line":111,"column":25},"end":{"line":111,"column":74}},"41":{"start":{"line":112,"column":12},"end":{"line":119,"column":13}},"42":{"start":{"line":122,"column":12},"end":{"line":127,"column":14}},"43":{"start":{"line":131,"column":12},"end":{"line":135,"column":13}},"44":{"start":{"line":132,"column":16},"end":{"line":132,"column":93}},"45":{"start":{"line":134,"column":16},"end":{"line":134,"column":53}},"46":{"start":{"line":136,"column":12},"end":{"line":136,"column":51}},"47":{"start":{"line":138,"column":12},"end":{"line":138,"column":23}},"48":{"start":{"line":143,"column":8},"end":{"line":154,"column":9}},"49":{"start":{"line":144,"column":26},"end":{"line":150,"column":14}},"50":{"start":{"line":151,"column":12},"end":{"line":151,"column":49}},"51":{"start":{"line":153,"column":12},"end":{"line":153,"column":23}},"52":{"start":{"line":158,"column":8},"end":{"line":176,"column":9}},"53":{"start":{"line":159,"column":28},"end":{"line":171,"column":14}},"54":{"start":{"line":173,"column":12},"end":{"line":173,"column":51}},"55":{"start":{"line":175,"column":12},"end":{"line":175,"column":23}},"56":{"start":{"line":180,"column":0},"end":{"line":180,"column":27}}},"fnMap":{"0":{"name":"(anonymous_0)","decl":{"start":{"line":4,"column":4},"end":{"line":4,"column":5}},"loc":{"start":{"line":4,"column":44},"end":{"line":72,"column":5}},"line":4},"1":{"name":"(anonymous_1)","decl":{"start":{"line":74,"column":4},"end":{"line":74,"column":5}},"loc":{"start":{"line":74,"column":44},"end":{"line":140,"column":5}},"line":74},"2":{"name":"(anonymous_2)","decl":{"start":{"line":142,"column":4},"end":{"line":142,"column":5}},"loc":{"start":{"line":142,"column":42},"end":{"line":155,"column":5}},"line":142},"3":{"name":"(anonymous_3)","decl":{"start":{"line":157,"column":4},"end":{"line":157,"column":5}},"loc":{"start":{"line":157,"column":44},"end":{"line":177,"column":5}},"line":157}},"branchMap":{"0":{"loc":{"start":{"line":7,"column":12},"end":{"line":9,"column":13}},"type":"if","locations":[{"start":{"line":7,"column":12},"end":{"line":9,"column":13}},{"start":{},"end":{}}],"line":7},"1":{"loc":{"start":{"line":7,"column":16},"end":{"line":7,"column":40}},"type":"binary-expr","locations":[{"start":{"line":7,"column":16},"end":{"line":7,"column":25}},{"start":{"line":7,"column":29},"end":{"line":7,"column":40}}],"line":7},"2":{"loc":{"start":{"line":13,"column":12},"end":{"line":15,"column":13}},"type":"if","locations":[{"start":{"line":13,"column":12},"end":{"line":15,"column":13}},{"start":{},"end":{}}],"line":13},"3":{"loc":{"start":{"line":20,"column":12},"end":{"line":31,"column":13}},"type":"if","locations":[{"start":{"line":20,"column":12},"end":{"line":31,"column":13}},{"start":{"line":22,"column":19},"end":{"line":31,"column":13}}],"line":20},"4":{"loc":{"start":{"line":20,"column":16},"end":{"line":20,"column":75}},"type":"binary-expr","locations":[{"start":{"line":20,"column":16},"end":{"line":20,"column":37}},{"start":{"line":20,"column":41},"end":{"line":20,"column":75}}],"line":20},"5":{"loc":{"start":{"line":36,"column":12},"end":{"line":38,"column":13}},"type":"if","locations":[{"start":{"line":36,"column":12},"end":{"line":38,"column":13}},{"start":{},"end":{}}],"line":36},"6":{"loc":{"start":{"line":41,"column":12},"end":{"line":43,"column":13}},"type":"if","locations":[{"start":{"line":41,"column":12},"end":{"line":43,"column":13}},{"start":{},"end":{}}],"line":41},"7":{"loc":{"start":{"line":49,"column":12},"end":{"line":51,"column":13}},"type":"if","locations":[{"start":{"line":49,"column":12},"end":{"line":51,"column":13}},{"start":{},"end":{}}],"line":49},"8":{"loc":{"start":{"line":77,"column":12},"end":{"line":79,"column":13}},"type":"if","locations":[{"start":{"line":77,"column":12},"end":{"line":79,"column":13}},{"start":{},"end":{}}],"line":77},"9":{"loc":{"start":{"line":77,"column":16},"end":{"line":77,"column":40}},"type":"binary-expr","locations":[{"start":{"line":77,"column":16},"end":{"line":77,"column":25}},{"start":{"line":77,"column":29},"end":{"line":77,"column":40}}],"line":77},"10":{"loc":{"start":{"line":88,"column":12},"end":{"line":90,"column":13}},"type":"if","locations":[{"start":{"line":88,"column":12},"end":{"line":90,"column":13}},{"start":{},"end":{}}],"line":88},"11":{"loc":{"start":{"line":95,"column":12},"end":{"line":108,"column":13}},"type":"if","locations":[{"start":{"line":95,"column":12},"end":{"line":108,"column":13}},{"start":{},"end":{}}],"line":95},"12":{"loc":{"start":{"line":131,"column":12},"end":{"line":135,"column":13}},"type":"if","locations":[{"start":{"line":131,"column":12},"end":{"line":135,"column":13}},{"start":{"line":133,"column":19},"end":{"line":135,"column":13}}],"line":131}},"s":{"0":4,"1":4,"2":7,"3":7,"4":7,"5":0,"6":7,"7":7,"8":1,"9":6,"10":6,"11":1,"12":5,"13":5,"14":5,"15":1,"16":4,"17":1,"18":3,"19":3,"20":1,"21":2,"22":2,"23":2,"24":5,"25":4,"26":4,"27":4,"28":1,"29":3,"30":3,"31":1,"32":2,"33":2,"34":2,"35":1,"36":1,"37":1,"38":1,"39":1,"40":2,"41":2,"42":2,"43":2,"44":1,"45":1,"46":2,"47":2,"48":1,"49":1,"50":1,"51":0,"52":1,"53":1,"54":1,"55":0,"56":4},"f":{"0":7,"1":4,"2":1,"3":1},"b":{"0":[0,7],"1":[7,7],"2":[1,6],"3":[1,5],"4":[6,1],"5":[1,4],"6":[1,3],"7":[1,2],"8":[1,3],"9":[4,4],"10":[1,2],"11":[1,1],"12":[1,1]},"_coverageSchema":"1a1c01bbd47fc00a2c39e90264f33305004495a9","hash":"555f05e0edf3b53c9812a1725c1a4e9f09481d85"}
,"D:\\Rafael\\Interview\\Eigen Tri - Bandung\\Eigen_technical_test\\server\\middleware\\errorhandler.js": {"path":"D:\\Rafael\\Interview\\Eigen Tri - Bandung\\Eigen_technical_test\\server\\middleware\\errorhandler.js","statementMap":{"0":{"start":{"line":2,"column":8},"end":{"line":27,"column":9}},"1":{"start":{"line":4,"column":16},"end":{"line":4,"column":72}},"2":{"start":{"line":5,"column":16},"end":{"line":5,"column":22}},"3":{"start":{"line":7,"column":16},"end":{"line":7,"column":74}},"4":{"start":{"line":8,"column":16},"end":{"line":8,"column":22}},"5":{"start":{"line":10,"column":16},"end":{"line":10,"column":82}},"6":{"start":{"line":11,"column":16},"end":{"line":11,"column":22}},"7":{"start":{"line":13,"column":16},"end":{"line":13,"column":96}},"8":{"start":{"line":14,"column":16},"end":{"line":14,"column":22}},"9":{"start":{"line":16,"column":16},"end":{"line":16,"column":70}},"10":{"start":{"line":17,"column":16},"end":{"line":17,"column":22}},"11":{"start":{"line":19,"column":16},"end":{"line":19,"column":78}},"12":{"start":{"line":20,"column":16},"end":{"line":20,"column":22}},"13":{"start":{"line":22,"column":16},"end":{"line":22,"column":84}},"14":{"start":{"line":23,"column":16},"end":{"line":23,"column":22}},"15":{"start":{"line":25,"column":16},"end":{"line":25,"column":74}},"16":{"start":{"line":26,"column":16},"end":{"line":26,"column":22}},"17":{"start":{"line":30,"column":4},"end":{"line":30,"column":33}}},"fnMap":{"0":{"name":"errorHandler","decl":{"start":{"line":1,"column":13},"end":{"line":1,"column":25}},"loc":{"start":{"line":1,"column":47},"end":{"line":28,"column":5}},"line":1}},"branchMap":{"0":{"loc":{"start":{"line":2,"column":8},"end":{"line":27,"column":9}},"type":"switch","locations":[{"start":{"line":3,"column":12},"end":{"line":5,"column":22}},{"start":{"line":6,"column":12},"end":{"line":8,"column":22}},{"start":{"line":9,"column":12},"end":{"line":11,"column":22}},{"start":{"line":12,"column":12},"end":{"line":14,"column":22}},{"start":{"line":15,"column":12},"end":{"line":17,"column":22}},{"start":{"line":18,"column":12},"end":{"line":20,"column":22}},{"start":{"line":21,"column":12},"end":{"line":23,"column":22}},{"start":{"line":24,"column":12},"end":{"line":26,"column":22}}],"line":2}},"s":{"0":7,"1":1,"2":1,"3":1,"4":1,"5":1,"6":1,"7":1,"8":1,"9":1,"10":1,"11":1,"12":1,"13":1,"14":1,"15":0,"16":0,"17":4},"f":{"0":7},"b":{"0":[1,1,1,1,1,1,1,0]},"_coverageSchema":"1a1c01bbd47fc00a2c39e90264f33305004495a9","hash":"39cee4c3614680b36a5baf55c95d05e8a04022fe"}
,"D:\\Rafael\\Interview\\Eigen Tri - Bandung\\Eigen_technical_test\\server\\models\\book.js": {"path":"D:\\Rafael\\Interview\\Eigen Tri - Bandung\\Eigen_technical_test\\server\\models\\book.js","statementMap":{"0":{"start":{"line":4,"column":4},"end":{"line":4,"column":24}},"1":{"start":{"line":5,"column":0},"end":{"line":36,"column":2}},"2":{"start":{"line":14,"column":6},"end":{"line":20,"column":8}},"3":{"start":{"line":23,"column":2},"end":{"line":34,"column":5}},"4":{"start":{"line":35,"column":2},"end":{"line":35,"column":14}}},"fnMap":{"0":{"name":"(anonymous_0)","decl":{"start":{"line":5,"column":17},"end":{"line":5,"column":18}},"loc":{"start":{"line":5,"column":43},"end":{"line":36,"column":1}},"line":5},"1":{"name":"(anonymous_1)","decl":{"start":{"line":12,"column":4},"end":{"line":12,"column":5}},"loc":{"start":{"line":12,"column":29},"end":{"line":21,"column":5}},"line":12}},"branchMap":{},"s":{"0":4,"1":4,"2":4,"3":4,"4":4},"f":{"0":4,"1":4},"b":{},"_coverageSchema":"1a1c01bbd47fc00a2c39e90264f33305004495a9","hash":"6a2081ec60ed0f2d84b19767237ae495be63ede9"}
,"D:\\Rafael\\Interview\\Eigen Tri - Bandung\\Eigen_technical_test\\server\\models\\bookborrow.js": {"path":"D:\\Rafael\\Interview\\Eigen Tri - Bandung\\Eigen_technical_test\\server\\models\\bookborrow.js","statementMap":{"0":{"start":{"line":4,"column":4},"end":{"line":4,"column":24}},"1":{"start":{"line":5,"column":0},"end":{"line":38,"column":2}},"2":{"start":{"line":14,"column":6},"end":{"line":14,"column":131}},"3":{"start":{"line":15,"column":6},"end":{"line":15,"column":127}},"4":{"start":{"line":18,"column":2},"end":{"line":36,"column":5}},"5":{"start":{"line":37,"column":2},"end":{"line":37,"column":20}}},"fnMap":{"0":{"name":"(anonymous_0)","decl":{"start":{"line":5,"column":17},"end":{"line":5,"column":18}},"loc":{"start":{"line":5,"column":43},"end":{"line":38,"column":1}},"line":5},"1":{"name":"(anonymous_1)","decl":{"start":{"line":12,"column":4},"end":{"line":12,"column":5}},"loc":{"start":{"line":12,"column":29},"end":{"line":16,"column":5}},"line":12}},"branchMap":{},"s":{"0":4,"1":4,"2":4,"3":4,"4":4,"5":4},"f":{"0":4,"1":4},"b":{},"_coverageSchema":"1a1c01bbd47fc00a2c39e90264f33305004495a9","hash":"481d916998d5d0cec7254abc3432565831041873"}
,"D:\\Rafael\\Interview\\Eigen Tri - Bandung\\Eigen_technical_test\\server\\models\\index.js": {"path":"D:\\Rafael\\Interview\\Eigen Tri - Bandung\\Eigen_technical_test\\server\\models\\index.js","statementMap":{"0":{"start":{"line":3,"column":11},"end":{"line":3,"column":24}},"1":{"start":{"line":4,"column":13},"end":{"line":4,"column":28}},"2":{"start":{"line":5,"column":18},"end":{"line":5,"column":38}},"3":{"start":{"line":6,"column":16},"end":{"line":6,"column":34}},"4":{"start":{"line":7,"column":17},"end":{"line":7,"column":42}},"5":{"start":{"line":8,"column":12},"end":{"line":8,"column":49}},"6":{"start":{"line":9,"column":15},"end":{"line":9,"column":65}},"7":{"start":{"line":10,"column":11},"end":{"line":10,"column":13}},"8":{"start":{"line":13,"column":0},"end":{"line":17,"column":1}},"9":{"start":{"line":14,"column":2},"end":{"line":14,"column":74}},"10":{"start":{"line":16,"column":2},"end":{"line":16,"column":87}},"11":{"start":{"line":19,"column":0},"end":{"line":32,"column":5}},"12":{"start":{"line":22,"column":4},"end":{"line":27,"column":6}},"13":{"start":{"line":30,"column":18},"end":{"line":30,"column":85}},"14":{"start":{"line":31,"column":4},"end":{"line":31,"column":27}},"15":{"start":{"line":34,"column":0},"end":{"line":38,"column":3}},"16":{"start":{"line":35,"column":2},"end":{"line":37,"column":3}},"17":{"start":{"line":36,"column":4},"end":{"line":36,"column":32}},"18":{"start":{"line":40,"column":0},"end":{"line":40,"column":25}},"19":{"start":{"line":41,"column":0},"end":{"line":41,"column":25}},"20":{"start":{"line":43,"column":0},"end":{"line":43,"column":20}}},"fnMap":{"0":{"name":"(anonymous_0)","decl":{"start":{"line":21,"column":10},"end":{"line":21,"column":11}},"loc":{"start":{"line":21,"column":18},"end":{"line":28,"column":3}},"line":21},"1":{"name":"(anonymous_1)","decl":{"start":{"line":29,"column":11},"end":{"line":29,"column":12}},"loc":{"start":{"line":29,"column":19},"end":{"line":32,"column":3}},"line":29},"2":{"name":"(anonymous_2)","decl":{"start":{"line":34,"column":24},"end":{"line":34,"column":25}},"loc":{"start":{"line":34,"column":37},"end":{"line":38,"column":1}},"line":34}},"branchMap":{"0":{"loc":{"start":{"line":8,"column":12},"end":{"line":8,"column":49}},"type":"binary-expr","locations":[{"start":{"line":8,"column":12},"end":{"line":8,"column":32}},{"start":{"line":8,"column":36},"end":{"line":8,"column":49}}],"line":8},"1":{"loc":{"start":{"line":13,"column":0},"end":{"line":17,"column":1}},"type":"if","locations":[{"start":{"line":13,"column":0},"end":{"line":17,"column":1}},{"start":{"line":15,"column":7},"end":{"line":17,"column":1}}],"line":13},"2":{"loc":{"start":{"line":23,"column":6},"end":{"line":26,"column":37}},"type":"binary-expr","locations":[{"start":{"line":23,"column":6},"end":{"line":23,"column":29}},{"start":{"line":24,"column":6},"end":{"line":24,"column":23}},{"start":{"line":25,"column":6},"end":{"line":25,"column":30}},{"start":{"line":26,"column":6},"end":{"line":26,"column":37}}],"line":23},"3":{"loc":{"start":{"line":35,"column":2},"end":{"line":37,"column":3}},"type":"if","locations":[{"start":{"line":35,"column":2},"end":{"line":37,"column":3}},{"start":{},"end":{}}],"line":35}},"s":{"0":4,"1":4,"2":4,"3":4,"4":4,"5":4,"6":4,"7":4,"8":4,"9":0,"10":4,"11":4,"12":16,"13":12,"14":12,"15":4,"16":12,"17":12,"18":4,"19":4,"20":4},"f":{"0":16,"1":12,"2":12},"b":{"0":[4,0],"1":[0,4],"2":[16,16,12,12],"3":[12,0]},"_coverageSchema":"1a1c01bbd47fc00a2c39e90264f33305004495a9","hash":"1d84c95aa5a8023174aef21ea3ed9b708da1135f"}
,"D:\\Rafael\\Interview\\Eigen Tri - Bandung\\Eigen_technical_test\\server\\models\\member.js": {"path":"D:\\Rafael\\Interview\\Eigen Tri - Bandung\\Eigen_technical_test\\server\\models\\member.js","statementMap":{"0":{"start":{"line":4,"column":4},"end":{"line":4,"column":24}},"1":{"start":{"line":5,"column":0},"end":{"line":60,"column":2}},"2":{"start":{"line":14,"column":6},"end":{"line":20,"column":8}},"3":{"start":{"line":23,"column":2},"end":{"line":58,"column":5}},"4":{"start":{"line":59,"column":2},"end":{"line":59,"column":16}}},"fnMap":{"0":{"name":"(anonymous_0)","decl":{"start":{"line":5,"column":17},"end":{"line":5,"column":18}},"loc":{"start":{"line":5,"column":43},"end":{"line":60,"column":1}},"line":5},"1":{"name":"(anonymous_1)","decl":{"start":{"line":12,"column":4},"end":{"line":12,"column":5}},"loc":{"start":{"line":12,"column":29},"end":{"line":21,"column":5}},"line":12}},"branchMap":{},"s":{"0":4,"1":4,"2":4,"3":4,"4":4},"f":{"0":4,"1":4},"b":{},"_coverageSchema":"1a1c01bbd47fc00a2c39e90264f33305004495a9","hash":"d14f5405659e1ebc361e721bea58878f6837c42c"}
,"D:\\Rafael\\Interview\\Eigen Tri - Bandung\\Eigen_technical_test\\server\\router\\index.js": {"path":"D:\\Rafael\\Interview\\Eigen Tri - Bandung\\Eigen_technical_test\\server\\router\\index.js","statementMap":{"0":{"start":{"line":1,"column":16},"end":{"line":1,"column":34}},"1":{"start":{"line":2,"column":19},"end":{"line":2,"column":55}},"2":{"start":{"line":3,"column":21},"end":{"line":3,"column":58}},"3":{"start":{"line":4,"column":15},"end":{"line":4,"column":31}},"4":{"start":{"line":113,"column":0},"end":{"line":113,"column":49}},"5":{"start":{"line":190,"column":0},"end":{"line":190,"column":49}},"6":{"start":{"line":240,"column":0},"end":{"line":240,"column":44}},"7":{"start":{"line":291,"column":0},"end":{"line":291,"column":48}},"8":{"start":{"line":293,"column":0},"end":{"line":293,"column":24}},"9":{"start":{"line":294,"column":0},"end":{"line":294,"column":23}}},"fnMap":{},"branchMap":{},"s":{"0":4,"1":4,"2":4,"3":4,"4":4,"5":4,"6":4,"7":4,"8":4,"9":4},"f":{},"b":{},"_coverageSchema":"1a1c01bbd47fc00a2c39e90264f33305004495a9","hash":"a66e15e79bfde64829974f0985e1b43d4fc1504b"}
}
