TN:
SF:app.js
FNF:0
FNH:0
DA:1,3
DA:2,3
DA:3,3
DA:4,3
DA:5,3
DA:6,3
DA:8,3
DA:9,3
DA:10,3
DA:12,3
DA:27,3
DA:28,3
DA:36,3
LF:13
LH:13
BRF:0
BRH:0
end_of_record
TN:
SF:controllers\controller.js
FN:4,(anonymous_0)
FN:74,(anonymous_1)
FN:142,(anonymous_2)
FN:157,(anonymous_3)
FNF:4
FNH:3
FNDA:0,(anonymous_0)
FNDA:5,(anonymous_1)
FNDA:1,(anonymous_2)
FNDA:1,(anonymous_3)
DA:1,3
DA:2,3
DA:5,0
DA:6,0
DA:7,0
DA:8,0
DA:12,0
DA:13,0
DA:14,0
DA:18,0
DA:19,0
DA:20,0
DA:21,0
DA:23,0
DA:35,0
DA:36,0
DA:37,0
DA:41,0
DA:42,0
DA:46,0
DA:49,0
DA:50,0
DA:53,0
DA:59,0
DA:68,0
DA:70,0
DA:75,5
DA:76,5
DA:77,5
DA:78,1
DA:80,4
DA:88,4
DA:89,2
DA:93,2
DA:94,2
DA:95,2
DA:96,1
DA:97,1
DA:98,1
DA:99,1
DA:100,1
DA:111,2
DA:112,2
DA:122,2
DA:131,2
DA:132,1
DA:134,1
DA:136,2
DA:138,3
DA:143,1
DA:144,1
DA:151,1
DA:153,0
DA:158,1
DA:159,1
DA:173,1
DA:175,0
DA:180,3
LF:58
LH:32
BRDA:7,0,0,0
BRDA:7,0,1,0
BRDA:7,1,0,0
BRDA:7,1,1,0
BRDA:13,2,0,0
BRDA:13,2,1,0
BRDA:18,3,0,0
BRDA:18,3,1,0
BRDA:20,4,0,0
BRDA:20,4,1,0
BRDA:36,5,0,0
BRDA:36,5,1,0
BRDA:41,6,0,0
BRDA:41,6,1,0
BRDA:49,7,0,0
BRDA:49,7,1,0
BRDA:77,8,0,1
BRDA:77,8,1,4
BRDA:77,9,0,5
BRDA:77,9,1,5
BRDA:88,10,0,2
BRDA:88,10,1,2
BRDA:95,11,0,1
BRDA:95,11,1,1
BRDA:131,12,0,1
BRDA:131,12,1,1
BRF:26
BRH:10
end_of_record
TN:
SF:middleware\errorhandler.js
FN:1,errorHandler
FNF:1
FNH:1
FNDA:3,errorHandler
DA:2,3
DA:4,0
DA:5,0
DA:7,0
DA:8,0
DA:10,1
DA:11,1
DA:13,0
DA:14,0
DA:16,0
DA:17,0
DA:19,0
DA:20,0
DA:22,2
DA:23,2
DA:25,0
DA:26,0
DA:30,3
LF:18
LH:6
BRDA:2,0,0,0
BRDA:2,0,1,0
BRDA:2,0,2,1
BRDA:2,0,3,0
BRDA:2,0,4,0
BRDA:2,0,5,0
BRDA:2,0,6,2
BRDA:2,0,7,0
BRF:8
BRH:2
end_of_record
TN:
SF:models\book.js
FN:5,(anonymous_0)
FN:12,(anonymous_1)
FNF:2
FNH:2
FNDA:3,(anonymous_0)
FNDA:3,(anonymous_1)
DA:4,3
DA:5,3
DA:14,3
DA:23,3
DA:35,3
LF:5
LH:5
BRF:0
BRH:0
end_of_record
TN:
SF:models\bookborrow.js
FN:5,(anonymous_0)
FN:12,(anonymous_1)
FNF:2
FNH:2
FNDA:3,(anonymous_0)
FNDA:3,(anonymous_1)
DA:4,3
DA:5,3
DA:14,3
DA:15,3
DA:18,3
DA:37,3
LF:6
LH:6
BRF:0
BRH:0
end_of_record
TN:
SF:models\index.js
FN:21,(anonymous_0)
FN:29,(anonymous_1)
FN:34,(anonymous_2)
FNF:3
FNH:3
FNDA:12,(anonymous_0)
FNDA:9,(anonymous_1)
FNDA:9,(anonymous_2)
DA:3,3
DA:4,3
DA:5,3
DA:6,3
DA:7,3
DA:8,3
DA:9,3
DA:10,3
DA:13,3
DA:14,0
DA:16,3
DA:19,3
DA:22,12
DA:30,9
DA:31,9
DA:34,3
DA:35,9
DA:36,9
DA:40,3
DA:41,3
DA:43,3
LF:21
LH:20
BRDA:8,0,0,3
BRDA:8,0,1,0
BRDA:13,1,0,0
BRDA:13,1,1,3
BRDA:23,2,0,12
BRDA:23,2,1,12
BRDA:23,2,2,9
BRDA:23,2,3,9
BRDA:35,3,0,9
BRDA:35,3,1,0
BRF:10
BRH:7
end_of_record
TN:
SF:models\member.js
FN:5,(anonymous_0)
FN:12,(anonymous_1)
FNF:2
FNH:2
FNDA:3,(anonymous_0)
FNDA:3,(anonymous_1)
DA:4,3
DA:5,3
DA:14,3
DA:23,3
DA:55,3
LF:5
LH:5
BRF:0
BRH:0
end_of_record
TN:
SF:router\index.js
FNF:0
FNH:0
DA:1,3
DA:2,3
DA:3,3
DA:4,3
DA:113,3
DA:190,3
DA:240,3
DA:291,3
DA:293,3
DA:294,3
LF:10
LH:10
BRF:0
BRH:0
end_of_record
