TN:
SF:app.js
FNF:0
FNH:0
DA:1,4
DA:2,4
DA:3,4
DA:4,4
DA:5,4
DA:6,4
DA:8,4
DA:9,4
DA:10,4
DA:12,4
DA:27,4
DA:28,4
DA:36,4
LF:13
LH:13
BRF:0
BRH:0
end_of_record
TN:
SF:controllers\controller.js
FN:4,(anonymous_0)
FN:74,(anonymous_1)
FN:142,(anonymous_2)
FN:157,(anonymous_3)
FNF:4
FNH:4
FNDA:7,(anonymous_0)
FNDA:4,(anonymous_1)
FNDA:1,(anonymous_2)
FNDA:1,(anonymous_3)
DA:1,4
DA:2,4
DA:5,7
DA:6,7
DA:7,7
DA:8,0
DA:12,7
DA:13,7
DA:14,1
DA:18,6
DA:20,6
DA:21,1
DA:23,5
DA:35,5
DA:36,5
DA:37,1
DA:41,4
DA:42,1
DA:46,3
DA:49,3
DA:50,1
DA:53,2
DA:59,2
DA:68,2
DA:70,5
DA:75,4
DA:76,4
DA:77,4
DA:78,1
DA:80,3
DA:88,3
DA:89,1
DA:93,2
DA:94,2
DA:95,2
DA:96,1
DA:97,1
DA:98,1
DA:99,1
DA:100,1
DA:111,2
DA:112,2
DA:122,2
DA:131,2
DA:132,1
DA:134,1
DA:136,2
DA:138,2
DA:143,1
DA:144,1
DA:151,1
DA:153,0
DA:158,1
DA:159,1
DA:173,1
DA:175,0
DA:180,4
LF:57
LH:54
BRDA:7,0,0,0
BRDA:7,0,1,7
BRDA:7,1,0,7
BRDA:7,1,1,7
BRDA:13,2,0,1
BRDA:13,2,1,6
BRDA:20,3,0,1
BRDA:20,3,1,5
BRDA:20,4,0,6
BRDA:20,4,1,1
BRDA:36,5,0,1
BRDA:36,5,1,4
BRDA:41,6,0,1
BRDA:41,6,1,3
BRDA:49,7,0,1
BRDA:49,7,1,2
BRDA:77,8,0,1
BRDA:77,8,1,3
BRDA:77,9,0,4
BRDA:77,9,1,4
BRDA:88,10,0,1
BRDA:88,10,1,2
BRDA:95,11,0,1
BRDA:95,11,1,1
BRDA:131,12,0,1
BRDA:131,12,1,1
BRF:26
BRH:25
end_of_record
TN:
SF:middleware\errorhandler.js
FN:1,errorHandler
FNF:1
FNH:1
FNDA:7,errorHandler
DA:2,7
DA:4,1
DA:5,1
DA:7,1
DA:8,1
DA:10,1
DA:11,1
DA:13,1
DA:14,1
DA:16,1
DA:17,1
DA:19,1
DA:20,1
DA:22,1
DA:23,1
DA:25,0
DA:26,0
DA:30,4
LF:18
LH:16
BRDA:2,0,0,1
BRDA:2,0,1,1
BRDA:2,0,2,1
BRDA:2,0,3,1
BRDA:2,0,4,1
BRDA:2,0,5,1
BRDA:2,0,6,1
BRDA:2,0,7,0
BRF:8
BRH:7
end_of_record
TN:
SF:models\book.js
FN:5,(anonymous_0)
FN:12,(anonymous_1)
FNF:2
FNH:2
FNDA:4,(anonymous_0)
FNDA:4,(anonymous_1)
DA:4,4
DA:5,4
DA:14,4
DA:23,4
DA:35,4
LF:5
LH:5
BRF:0
BRH:0
end_of_record
TN:
SF:models\bookborrow.js
FN:5,(anonymous_0)
FN:12,(anonymous_1)
FNF:2
FNH:2
FNDA:4,(anonymous_0)
FNDA:4,(anonymous_1)
DA:4,4
DA:5,4
DA:14,4
DA:15,4
DA:18,4
DA:37,4
LF:6
LH:6
BRF:0
BRH:0
end_of_record
TN:
SF:models\index.js
FN:21,(anonymous_0)
FN:29,(anonymous_1)
FN:34,(anonymous_2)
FNF:3
FNH:3
FNDA:16,(anonymous_0)
FNDA:12,(anonymous_1)
FNDA:12,(anonymous_2)
DA:3,4
DA:4,4
DA:5,4
DA:6,4
DA:7,4
DA:8,4
DA:9,4
DA:10,4
DA:13,4
DA:14,0
DA:16,4
DA:19,4
DA:22,16
DA:30,12
DA:31,12
DA:34,4
DA:35,12
DA:36,12
DA:40,4
DA:41,4
DA:43,4
LF:21
LH:20
BRDA:8,0,0,4
BRDA:8,0,1,0
BRDA:13,1,0,0
BRDA:13,1,1,4
BRDA:23,2,0,16
BRDA:23,2,1,16
BRDA:23,2,2,12
BRDA:23,2,3,12
BRDA:35,3,0,12
BRDA:35,3,1,0
BRF:10
BRH:7
end_of_record
TN:
SF:models\member.js
FN:5,(anonymous_0)
FN:12,(anonymous_1)
FNF:2
FNH:2
FNDA:4,(anonymous_0)
FNDA:4,(anonymous_1)
DA:4,4
DA:5,4
DA:14,4
DA:23,4
DA:59,4
LF:5
LH:5
BRF:0
BRH:0
end_of_record
TN:
SF:router\index.js
FNF:0
FNH:0
DA:1,4
DA:2,4
DA:3,4
DA:4,4
DA:113,4
DA:190,4
DA:240,4
DA:291,4
DA:293,4
DA:294,4
LF:10
LH:10
BRF:0
BRH:0
end_of_record
